<?xml version="1.0" encoding="UTF-8"?>
<!-- Generated by org.testng.reporters.JUnitReportReporter -->
<testsuite skipped="0" hostname="DESKTOP-7367SQR" name="sg.ImpIQ.Checkbox" tests="1" failures="0" timestamp="28 Sep 2018 00:18:09 GMT" time="71.412" errors="0">
  <testcase name="textbox" time="71.412" classname="sg.ImpIQ.Checkbox"/>
</testsuite> <!-- sg.ImpIQ.Checkbox -->
